#
# There is insufficient memory for the Java Runtime Environment to continue.
# Native memory allocation (mmap) failed to map 536870912 bytes for G1 virtual space
# Possible reasons:
#   The system is out of physical RAM or swap space
#   The process is running with CompressedOops enabled, and the Java Heap may be blocking the growth of the native heap
# Possible solutions:
#   Reduce memory load on the system
#   Increase physical memory or swap space
#   Check if swap backing store is full
#   Decrease Java heap size (-Xmx/-Xms)
#   Decrease number of Java threads
#   Decrease Java thread stack sizes (-Xss)
#   Set larger code cache with -XX:ReservedCodeCacheSize=
#   JVM is running with Zero Based Compressed Oops mode in which the Java heap is
#     placed in the first 32GB address space. The Java Heap base address is the
#     maximum limit for the native heap growth. Please use -XX:HeapBaseMinAddress
#     to set the Java Heap base and to place the Java Heap above 32GB virtual address.
# This output file may be truncated or incomplete.
#
#  Out of Memory Error (os_windows.cpp:3760), pid=5968, tid=31092
#
# JRE version:  (17.0.5+1) (build )
# Java VM: OpenJDK 64-Bit Server VM (17.0.5+1-b653.25, mixed mode, sharing, tiered, compressed oops, compressed class ptrs, g1 gc, windows-amd64)
# No core dump will be written. Minidumps are not enabled by default on client versions of Windows
#

---------------  S U M M A R Y ------------

Command Line: git4idea.http.GitAskPassApp Username for 'https://github.com': 

Host: Intel(R) Core(TM) i7-9700K CPU @ 3.60GHz, 8 cores, 31G,  Windows 10 , 64 bit Build 19041 (10.0.19041.3636)
Time: Sun May  5 15:51:49 2024 W. Europe Daylight Time elapsed time: 0.009528 seconds (0d 0h 0m 0s)

---------------  T H R E A D  ---------------

Current thread (0x000001e9b19f4ab0):  JavaThread "Unknown thread" [_thread_in_vm, id=31092, stack(0x0000005aa8500000,0x0000005aa8600000)]

Stack: [0x0000005aa8500000,0x0000005aa8600000]
Native frames: (J=compiled Java code, j=interpreted, Vv=VM code, C=native code)
V  [jvm.dll+0x6830ca]
V  [jvm.dll+0x83f4c4]
V  [jvm.dll+0x840c6e]
V  [jvm.dll+0x8412d3]
V  [jvm.dll+0x2490b5]
V  [jvm.dll+0x67ff99]
V  [jvm.dll+0x6744aa]
V  [jvm.dll+0x308f2b]
V  [jvm.dll+0x3103e6]
V  [jvm.dll+0x36013e]
V  [jvm.dll+0x36036f]
V  [jvm.dll+0x2df018]
V  [jvm.dll+0x2dff84]
V  [jvm.dll+0x810d91]
V  [jvm.dll+0x36df31]
V  [jvm.dll+0x7f028c]
V  [jvm.dll+0x3f0cbf]
V  [jvm.dll+0x3f2801]
C  [jli.dll+0x526b]
C  [ucrtbase.dll+0x21bb2]
C  [KERNEL32.DLL+0x17344]
C  [ntdll.dll+0x526b1]


---------------  P R O C E S S  ---------------

Threads class SMR info:
_java_thread_list=0x00007ffaa2cd8f98, length=0, elements={
}

Java Threads: ( => current thread )

Other Threads:
  0x000001e9b1aa2080 GCTaskThread "GC Thread#0" [stack: 0x0000005aa8600000,0x0000005aa8700000] [id=11060]
  0x000001e9b1ab2f10 ConcurrentGCThread "G1 Main Marker" [stack: 0x0000005aa8700000,0x0000005aa8800000] [id=27820]
  0x000001e9b1ab40c0 ConcurrentGCThread "G1 Conc#0" [stack: 0x0000005aa8800000,0x0000005aa8900000] [id=42724]

[error occurred during error reporting (printing all threads), id 0xc0000005, EXCEPTION_ACCESS_VIOLATION (0xc0000005) at pc=0x00007ffaa248fbd7]

VM state: not at safepoint (not fully initialized)

VM Mutex/Monitor currently owned by a thread:  ([mutex/lock_event])
[0x000001e9b19efbc0] Heap_lock - owner thread: 0x000001e9b19f4ab0

Heap address: 0x0000000601400000, size: 8172 MB, Compressed Oops mode: Zero based, Oop shift amount: 3

CDS archive(s) mapped at: [0x0000000000000000-0x0000000000000000-0x0000000000000000), size 0, SharedBaseAddress: 0x0000000800000000, ArchiveRelocationMode: 0.
Narrow klass base: 0x0000000000000000, Narrow klass shift: 0, Narrow klass range: 0x0

GC Precious Log:
<Empty>

Heap:
 garbage-first heap   total 0K, used 0K [0x0000000601400000, 0x0000000800000000)
  region size 4096K, 0 young (0K), 0 survivors (0K)

[error occurred during error reporting (printing heap information), id 0xc0000005, EXCEPTION_ACCESS_VIOLATION (0xc0000005) at pc=0x00007ffaa287cd59]

GC Heap History (0 events):
No events

Dll operation events (1 events):
Event: 0.005 Loaded shared library C:\Program Files\JetBrains\IntelliJ IDEA 2022.3.2\jbr\bin\java.dll

Deoptimization events (0 events):
No events

Classes unloaded (0 events):
No events

Classes redefined (0 events):
No events

Internal exceptions (0 events):
No events

VM Operations (0 events):
No events

Events (0 events):
No events


Dynamic libraries:
0x00007ff620a00000 - 0x00007ff620a0a000 	C:\Program Files\JetBrains\IntelliJ IDEA 2022.3.2\jbr\bin\java.exe
0x00007ffb5bb10000 - 0x00007ffb5bd08000 	C:\WINDOWS\SYSTEM32\ntdll.dll
0x00007ffb5a1f0000 - 0x00007ffb5a2ad000 	C:\WINDOWS\System32\KERNEL32.DLL
0x00007ffb591e0000 - 0x00007ffb594d6000 	C:\WINDOWS\System32\KERNELBASE.dll
0x00007ffb59730000 - 0x00007ffb59830000 	C:\WINDOWS\System32\ucrtbase.dll
0x00007ffb31930000 - 0x00007ffb31947000 	C:\Program Files\JetBrains\IntelliJ IDEA 2022.3.2\jbr\bin\jli.dll
0x00007ffb5b770000 - 0x00007ffb5b90e000 	C:\WINDOWS\System32\USER32.dll
0x00007ffb59b30000 - 0x00007ffb59b52000 	C:\WINDOWS\System32\win32u.dll
0x00007ffb59b90000 - 0x00007ffb59bbc000 	C:\WINDOWS\System32\GDI32.dll
0x00007ffb43400000 - 0x00007ffb4341b000 	C:\Program Files\JetBrains\IntelliJ IDEA 2022.3.2\jbr\bin\VCRUNTIME140.dll
0x00007ffb39310000 - 0x00007ffb395aa000 	C:\WINDOWS\WinSxS\amd64_microsoft.windows.common-controls_6595b64144ccf1df_6.0.19041.3636_none_60b6a03d71f818d5\COMCTL32.dll
0x00007ffb59990000 - 0x00007ffb59aaa000 	C:\WINDOWS\System32\gdi32full.dll
0x00007ffb5ba20000 - 0x00007ffb5babe000 	C:\WINDOWS\System32\msvcrt.dll
0x00007ffb594e0000 - 0x00007ffb5957d000 	C:\WINDOWS\System32\msvcp_win.dll
0x00007ffb59b60000 - 0x00007ffb59b90000 	C:\WINDOWS\System32\IMM32.DLL
0x00007ffb54570000 - 0x00007ffb5457c000 	C:\Program Files\JetBrains\IntelliJ IDEA 2022.3.2\jbr\bin\vcruntime140_1.dll
0x00007ffb272e0000 - 0x00007ffb2736d000 	C:\Program Files\JetBrains\IntelliJ IDEA 2022.3.2\jbr\bin\msvcp140.dll
0x00007ffaa21a0000 - 0x00007ffaa2e0b000 	C:\Program Files\JetBrains\IntelliJ IDEA 2022.3.2\jbr\bin\server\jvm.dll
0x00007ffb59d10000 - 0x00007ffb59dc3000 	C:\WINDOWS\System32\ADVAPI32.dll
0x00007ffb5a990000 - 0x00007ffb5aa2f000 	C:\WINDOWS\System32\sechost.dll
0x00007ffb59bc0000 - 0x00007ffb59ce6000 	C:\WINDOWS\System32\RPCRT4.dll
0x00007ffb59ab0000 - 0x00007ffb59ad7000 	C:\WINDOWS\System32\bcrypt.dll
0x00007ffb335f0000 - 0x00007ffb335f9000 	C:\WINDOWS\SYSTEM32\WSOCK32.dll
0x00007ffb3a1d0000 - 0x00007ffb3a1f7000 	C:\WINDOWS\SYSTEM32\WINMM.dll
0x00007ffb5b180000 - 0x00007ffb5b1eb000 	C:\WINDOWS\System32\WS2_32.dll
0x00007ffb548e0000 - 0x00007ffb548ea000 	C:\WINDOWS\SYSTEM32\VERSION.dll
0x00007ffb570b0000 - 0x00007ffb570c2000 	C:\WINDOWS\SYSTEM32\kernel.appcore.dll
0x00007ffb544e0000 - 0x00007ffb544ea000 	C:\Program Files\JetBrains\IntelliJ IDEA 2022.3.2\jbr\bin\jimage.dll
0x00007ffb51d10000 - 0x00007ffb51ef4000 	C:\WINDOWS\SYSTEM32\DBGHELP.DLL
0x00007ffb522c0000 - 0x00007ffb522f4000 	C:\WINDOWS\SYSTEM32\dbgcore.DLL
0x00007ffb596a0000 - 0x00007ffb59722000 	C:\WINDOWS\System32\bcryptPrimitives.dll
0x00007ffb32ab0000 - 0x00007ffb32ad5000 	C:\Program Files\JetBrains\IntelliJ IDEA 2022.3.2\jbr\bin\java.dll

dbghelp: loaded successfully - version: 4.0.5 - missing functions: none
symbol engine: initialized successfully - sym options: 0x614 - pdb path: .;C:\Program Files\JetBrains\IntelliJ IDEA 2022.3.2\jbr\bin;C:\WINDOWS\SYSTEM32;C:\WINDOWS\WinSxS\amd64_microsoft.windows.common-controls_6595b64144ccf1df_6.0.19041.3636_none_60b6a03d71f818d5;C:\Program Files\JetBrains\IntelliJ IDEA 2022.3.2\jbr\bin\server

VM Arguments:
java_command: git4idea.http.GitAskPassApp Username for 'https://github.com': 
java_class_path (initial): C:/Program Files/JetBrains/IntelliJ IDEA 2022.3.2/plugins/vcs-git/lib/git4idea-rt.jar;C:/Program Files/JetBrains/IntelliJ IDEA 2022.3.2/lib/externalProcess-rt.jar;C:/Program Files/JetBrains/IntelliJ IDEA 2022.3.2/lib/app.jar;C:/Program Files/JetBrains/IntelliJ IDEA 2022.3.2/lib/3rd-party-rt.jar
Launcher Type: SUN_STANDARD

[Global flags]
     intx CICompilerCount                          = 4                                         {product} {ergonomic}
     uint ConcGCThreads                            = 2                                         {product} {ergonomic}
     uint G1ConcRefinementThreads                  = 8                                         {product} {ergonomic}
   size_t G1HeapRegionSize                         = 4194304                                   {product} {ergonomic}
    uintx GCDrainStackTargetSize                   = 64                                        {product} {ergonomic}
   size_t InitialHeapSize                          = 536870912                                 {product} {ergonomic}
   size_t MarkStackSize                            = 4194304                                   {product} {ergonomic}
   size_t MaxHeapSize                              = 8568963072                                {product} {ergonomic}
   size_t MinHeapDeltaBytes                        = 4194304                                   {product} {ergonomic}
   size_t MinHeapSize                              = 8388608                                   {product} {ergonomic}
    uintx NonNMethodCodeHeapSize                   = 5839372                                {pd product} {ergonomic}
    uintx NonProfiledCodeHeapSize                  = 122909434                              {pd product} {ergonomic}
    uintx ProfiledCodeHeapSize                     = 122909434                              {pd product} {ergonomic}
    uintx ReservedCodeCacheSize                    = 251658240                              {pd product} {ergonomic}
     bool SegmentedCodeCache                       = true                                      {product} {ergonomic}
   size_t SoftMaxHeapSize                          = 8568963072                             {manageable} {ergonomic}
     bool UseCompressedClassPointers               = true                           {product lp64_product} {ergonomic}
     bool UseCompressedOops                        = true                           {product lp64_product} {ergonomic}
     bool UseG1GC                                  = true                                      {product} {ergonomic}
     bool UseLargePagesIndividualAllocation        = false                                  {pd product} {ergonomic}

Logging:
Log output configuration:
 #0: stdout all=warning uptime,level,tags
 #1: stderr all=off uptime,level,tags

Environment Variables:
PATH=C:/Program Files/Git/mingw64/libexec/git-core;C:/Program Files/Git/mingw64/libexec/git-core;C:\Program Files\Git\mingw64\bin;C:\Program Files\Git\usr\bin;C:\Users\Mattias Fridsén\bin;C:\Python312\Scripts\;C:\Python312\;C:\Program Files (x86)\Intel\Intel(R) Management Engine Components\iCLS\;C:\Program Files\Intel\Intel(R) Management Engine Components\iCLS\;C:\Windows\system32;C:\Windows;C:\Windows\System32\Wbem;C:\Windows\System32\WindowsPowerShell\v1.0\;C:\Windows\System32\OpenSSH\;C:\Program Files (x86)\Intel\Intel(R) Management Engine Components\DAL;C:\Program Files\Intel\Intel(R) Management Engine Components\DAL;C:\Android;C:\WINDOWS\system32;C:\WINDOWS;C:\WINDOWS\System32\Wbem;C:\WINDOWS\System32\WindowsPowerShell\v1.0\;C:\WINDOWS\System32\OpenSSH\;C:\WINDOWS\system32;C:\WINDOWS;C:\WINDOWS\System32\Wbem;C:\WINDOWS\System32\WindowsPowerShell\v1.0\;C:\WINDOWS\System32\OpenSSH\;C:\Program Files (x86)\dotnet\;C:\Program Files\dotnet\;C:\Program Files\Git\cmd;C:\Program Files (x86)\NVIDIA Corporation\PhysX\Common;C:\ProgramData\chocolatey\bin;C:\Program Files\nodejs\;C:\Program Files\MySQL\MySQL Shell 8.0\bin\;C:\Users\Mattias Fridsén\AppData\Local\Microsoft\WindowsApps;C:\Users\Mattias Fridsén\AppData\Local\GitHubDesktop\bin;C:\Users\Mattias Fridsén\AppData\Local\Programs\Microsoft VS Code\bin;C:\Users\Mattias Fridsén\AppData\Roaming\npm
USERNAME=Mattias Fridsén
DISPLAY=:0.0
LC_ALL=en_US.UTF-8
TERM=cygwin
TMPDIR=C:\Users\MATTIA~1\AppData\Local\Temp
OS=Windows_NT
PROCESSOR_IDENTIFIER=Intel64 Family 6 Model 158 Stepping 12, GenuineIntel
TMP=C:\Users\MATTIA~1\AppData\Local\Temp
TEMP=C:\Users\MATTIA~1\AppData\Local\Temp



---------------  S Y S T E M  ---------------

OS:
 Windows 10 , 64 bit Build 19041 (10.0.19041.3636)
OS uptime: 115 days 10:09 hours

CPU: total 8 (initial active 8) (8 cores per cpu, 1 threads per core) family 6 model 158 stepping 12 microcode 0xae, cx8, cmov, fxsr, mmx, 3dnowpref, sse, sse2, sse3, ssse3, sse4.1, sse4.2, popcnt, lzcnt, tsc, tscinvbit, avx, avx2, aes, erms, clmul, bmi1, bmi2, rtm, adx, fma, vzeroupper, clflush, clflushopt

Memory: 4k page, system-wide physical 32682M (3751M free)
TotalPageFile size 62422M (AvailPageFile size 337M)
current process WorkingSet (physical memory assigned to process): 10M, peak: 10M
current process commit charge ("private bytes"): 60M, peak: 572M

vm_info: OpenJDK 64-Bit Server VM (17.0.5+1-b653.25) for windows-amd64 JRE (17.0.5+1-b653.25), built on 2023-01-04 by "builduser" with MS VC++ 16.10 / 16.11 (VS2019)

END.
